mode: set
github.com/piaodazhu/gotcc/dependency.go:5.81,6.21 1 1
github.com/piaodazhu/gotcc/dependency.go:6.21,8.3 1 1
github.com/piaodazhu/gotcc/dependency.go:11.30,11.45 1 1
github.com/piaodazhu/gotcc/dependency.go:12.30,12.46 1 1
github.com/piaodazhu/gotcc/dependency.go:14.66,15.21 1 1
github.com/piaodazhu/gotcc/dependency.go:15.21,17.3 1 1
github.com/piaodazhu/gotcc/dependency.go:20.95,21.21 1 1
github.com/piaodazhu/gotcc/dependency.go:21.21,23.3 1 1
github.com/piaodazhu/gotcc/dependency.go:26.94,27.21 1 1
github.com/piaodazhu/gotcc/dependency.go:27.21,29.3 1 1
github.com/piaodazhu/gotcc/dependency.go:32.95,33.21 1 1
github.com/piaodazhu/gotcc/dependency.go:33.21,35.3 1 1
github.com/piaodazhu/gotcc/executor.go:23.117,38.2 1 1
github.com/piaodazhu/gotcc/executor.go:40.72,41.46 1 1
github.com/piaodazhu/gotcc/executor.go:46.2,46.46 1 1
github.com/piaodazhu/gotcc/executor.go:41.46,45.3 3 1
github.com/piaodazhu/gotcc/executor.go:49.58,51.2 1 1
github.com/piaodazhu/gotcc/executor.go:53.71,56.2 2 1
github.com/piaodazhu/gotcc/executor.go:58.61,60.2 1 1
github.com/piaodazhu/gotcc/executor.go:62.104,66.2 3 1
github.com/piaodazhu/gotcc/message.go:19.64,24.2 1 1
github.com/piaodazhu/gotcc/message.go:31.47,35.2 3 1
github.com/piaodazhu/gotcc/message.go:37.30,41.2 3 1
github.com/piaodazhu/gotcc/message.go:43.38,46.26 3 1
github.com/piaodazhu/gotcc/message.go:52.2,53.20 2 1
github.com/piaodazhu/gotcc/message.go:46.26,51.3 4 1
github.com/piaodazhu/gotcc/message.go:65.66,70.2 1 1
github.com/piaodazhu/gotcc/message.go:77.48,81.2 3 1
github.com/piaodazhu/gotcc/message.go:83.31,87.2 3 1
github.com/piaodazhu/gotcc/message.go:89.39,92.26 3 1
github.com/piaodazhu/gotcc/message.go:98.2,99.20 2 1
github.com/piaodazhu/gotcc/message.go:92.26,97.3 4 0
github.com/piaodazhu/gotcc/rollback.go:19.55,21.2 1 1
github.com/piaodazhu/gotcc/rollback.go:23.132,30.2 1 1
github.com/piaodazhu/gotcc/rollback.go:32.40,36.2 3 1
github.com/piaodazhu/gotcc/rollback.go:38.29,42.2 3 1
github.com/piaodazhu/gotcc/rollback.go:44.86,46.41 2 1
github.com/piaodazhu/gotcc/rollback.go:59.2,59.19 1 1
github.com/piaodazhu/gotcc/rollback.go:46.41,52.17 5 1
github.com/piaodazhu/gotcc/rollback.go:52.17,54.29 2 1
github.com/piaodazhu/gotcc/rollback.go:54.29,56.5 1 1
github.com/piaodazhu/gotcc/tcc.go:24.38,34.2 2 1
github.com/piaodazhu/gotcc/tcc.go:36.131,40.2 3 1
github.com/piaodazhu/gotcc/tcc.go:42.66,44.2 1 1
github.com/piaodazhu/gotcc/tcc.go:46.77,47.58 1 1
github.com/piaodazhu/gotcc/tcc.go:52.2,52.58 1 1
github.com/piaodazhu/gotcc/tcc.go:47.58,51.3 3 1
github.com/piaodazhu/gotcc/tcc.go:55.46,63.31 4 1
github.com/piaodazhu/gotcc/tcc.go:80.2,80.34 1 1
github.com/piaodazhu/gotcc/tcc.go:85.2,85.14 1 1
github.com/piaodazhu/gotcc/tcc.go:63.31,65.54 2 1
github.com/piaodazhu/gotcc/tcc.go:76.3,77.15 2 1
github.com/piaodazhu/gotcc/tcc.go:65.54,66.27 1 1
github.com/piaodazhu/gotcc/tcc.go:67.15,68.22 1 1
github.com/piaodazhu/gotcc/tcc.go:71.14,72.16 1 1
github.com/piaodazhu/gotcc/tcc.go:73.15,73.15 0 1
github.com/piaodazhu/gotcc/tcc.go:68.22,70.6 1 1
github.com/piaodazhu/gotcc/tcc.go:80.34,81.18 1 1
github.com/piaodazhu/gotcc/tcc.go:81.18,83.4 1 1
github.com/piaodazhu/gotcc/tcc.go:90.40,92.2 1 1
github.com/piaodazhu/gotcc/tcc.go:100.36,109.2 8 1
github.com/piaodazhu/gotcc/tcc.go:115.38,117.2 1 1
github.com/piaodazhu/gotcc/tcc.go:123.43,125.2 1 1
github.com/piaodazhu/gotcc/tcc.go:127.62,128.40 1 1
github.com/piaodazhu/gotcc/tcc.go:131.2,131.24 1 1
github.com/piaodazhu/gotcc/tcc.go:135.2,139.34 4 1
github.com/piaodazhu/gotcc/tcc.go:181.2,186.26 4 1
github.com/piaodazhu/gotcc/tcc.go:197.2,197.14 1 1
github.com/piaodazhu/gotcc/tcc.go:128.40,130.3 1 1
github.com/piaodazhu/gotcc/tcc.go:131.24,133.3 1 1
github.com/piaodazhu/gotcc/tcc.go:139.34,141.13 2 1
github.com/piaodazhu/gotcc/tcc.go:141.13,145.28 3 1
github.com/piaodazhu/gotcc/tcc.go:156.4,158.18 3 1
github.com/piaodazhu/gotcc/tcc.go:174.4,174.45 1 1
github.com/piaodazhu/gotcc/tcc.go:145.28,147.12 1 1
github.com/piaodazhu/gotcc/tcc.go:148.31,149.12 1 1
github.com/piaodazhu/gotcc/tcc.go:150.35,152.38 2 1
github.com/piaodazhu/gotcc/tcc.go:158.18,159.59 1 1
github.com/piaodazhu/gotcc/tcc.go:165.5,166.11 2 1
github.com/piaodazhu/gotcc/tcc.go:159.59,161.6 1 1
github.com/piaodazhu/gotcc/tcc.go:161.11,163.6 1 1
github.com/piaodazhu/gotcc/tcc.go:167.10,172.5 2 1
github.com/piaodazhu/gotcc/tcc.go:174.45,176.5 1 1
github.com/piaodazhu/gotcc/tcc.go:186.26,187.10 1 1
github.com/piaodazhu/gotcc/tcc.go:188.29,191.18 2 1
github.com/piaodazhu/gotcc/tcc.go:192.33,194.39 2 1
github.com/piaodazhu/gotcc/tcc.go:197.14,202.3 3 1
github.com/piaodazhu/gotcc/tcc.go:202.8,213.3 4 1
github.com/piaodazhu/gotcc/tcc.go:216.32,221.32 5 1
github.com/piaodazhu/gotcc/tcc.go:227.2,227.45 1 1
github.com/piaodazhu/gotcc/tcc.go:221.32,223.33 2 1
github.com/piaodazhu/gotcc/tcc.go:223.33,225.4 1 1
github.com/piaodazhu/gotcc/tcc.go:227.45,229.3 1 1
github.com/piaodazhu/gotcc/tcc.go:232.40,240.30 8 1
github.com/piaodazhu/gotcc/tcc.go:243.2,243.38 1 1
github.com/piaodazhu/gotcc/tcc.go:244.2,244.25 1 1
github.com/piaodazhu/gotcc/tcc.go:260.2,262.47 3 1
github.com/piaodazhu/gotcc/tcc.go:265.2,265.33 1 1
github.com/piaodazhu/gotcc/tcc.go:269.2,271.20 2 1
github.com/piaodazhu/gotcc/tcc.go:240.30,242.3 1 1
github.com/piaodazhu/gotcc/tcc.go:243.38,243.64 1 1
github.com/piaodazhu/gotcc/tcc.go:244.25,250.35 5 1
github.com/piaodazhu/gotcc/tcc.go:253.3,253.42 1 1
github.com/piaodazhu/gotcc/tcc.go:254.3,254.32 1 1
github.com/piaodazhu/gotcc/tcc.go:258.3,258.24 1 1
github.com/piaodazhu/gotcc/tcc.go:250.35,252.4 1 1
github.com/piaodazhu/gotcc/tcc.go:253.42,253.74 1 1
github.com/piaodazhu/gotcc/tcc.go:254.32,257.4 2 1
github.com/piaodazhu/gotcc/tcc.go:262.47,264.3 1 1
github.com/piaodazhu/gotcc/tcc.go:265.33,268.3 2 1
