mode: set
github.com/piaodazhu/gotcc/dependency.go:5.81,6.21 1 1
github.com/piaodazhu/gotcc/dependency.go:6.21,8.3 1 1
github.com/piaodazhu/gotcc/dependency.go:11.30,11.45 1 1
github.com/piaodazhu/gotcc/dependency.go:12.30,12.46 1 1
github.com/piaodazhu/gotcc/dependency.go:14.66,15.21 1 1
github.com/piaodazhu/gotcc/dependency.go:15.21,17.3 1 1
github.com/piaodazhu/gotcc/dependency.go:20.95,21.21 1 1
github.com/piaodazhu/gotcc/dependency.go:21.21,23.3 1 1
github.com/piaodazhu/gotcc/dependency.go:26.94,27.21 1 1
github.com/piaodazhu/gotcc/dependency.go:27.21,29.3 1 1
github.com/piaodazhu/gotcc/dependency.go:32.95,33.21 1 1
github.com/piaodazhu/gotcc/dependency.go:33.21,35.3 1 1
github.com/piaodazhu/gotcc/executor.go:23.117,38.2 1 1
github.com/piaodazhu/gotcc/executor.go:40.72,41.46 1 1
github.com/piaodazhu/gotcc/executor.go:46.2,46.46 1 1
github.com/piaodazhu/gotcc/executor.go:41.46,45.3 3 1
github.com/piaodazhu/gotcc/executor.go:49.58,51.2 1 1
github.com/piaodazhu/gotcc/executor.go:53.71,56.2 2 1
github.com/piaodazhu/gotcc/executor.go:58.61,60.2 1 1
github.com/piaodazhu/gotcc/executor.go:62.104,66.2 3 1
github.com/piaodazhu/gotcc/executor.go:72.38,74.2 1 1
github.com/piaodazhu/gotcc/message.go:19.64,24.2 1 1
github.com/piaodazhu/gotcc/message.go:31.47,35.2 3 1
github.com/piaodazhu/gotcc/message.go:37.30,41.2 3 1
github.com/piaodazhu/gotcc/message.go:43.38,46.26 3 1
github.com/piaodazhu/gotcc/message.go:52.2,53.20 2 1
github.com/piaodazhu/gotcc/message.go:46.26,51.3 4 1
github.com/piaodazhu/gotcc/message.go:65.66,70.2 1 1
github.com/piaodazhu/gotcc/message.go:77.48,81.2 3 1
github.com/piaodazhu/gotcc/message.go:83.31,87.2 3 1
github.com/piaodazhu/gotcc/message.go:89.39,92.26 3 1
github.com/piaodazhu/gotcc/message.go:98.2,99.20 2 1
github.com/piaodazhu/gotcc/message.go:92.26,97.3 4 1
github.com/piaodazhu/gotcc/rollback.go:19.55,21.2 1 1
github.com/piaodazhu/gotcc/rollback.go:23.132,30.2 1 1
github.com/piaodazhu/gotcc/rollback.go:32.40,36.2 3 1
github.com/piaodazhu/gotcc/rollback.go:38.29,42.2 3 1
github.com/piaodazhu/gotcc/rollback.go:44.86,46.41 2 1
github.com/piaodazhu/gotcc/rollback.go:59.2,59.19 1 1
github.com/piaodazhu/gotcc/rollback.go:46.41,52.17 5 1
github.com/piaodazhu/gotcc/rollback.go:52.17,54.29 2 1
github.com/piaodazhu/gotcc/rollback.go:54.29,56.5 1 1
github.com/piaodazhu/gotcc/tcc.go:24.38,34.2 2 1
github.com/piaodazhu/gotcc/tcc.go:36.131,40.2 3 1
github.com/piaodazhu/gotcc/tcc.go:42.66,44.2 1 1
github.com/piaodazhu/gotcc/tcc.go:46.77,47.58 1 1
github.com/piaodazhu/gotcc/tcc.go:52.2,52.58 1 1
github.com/piaodazhu/gotcc/tcc.go:47.58,51.3 3 1
github.com/piaodazhu/gotcc/tcc.go:55.46,63.31 4 1
github.com/piaodazhu/gotcc/tcc.go:80.2,80.34 1 1
github.com/piaodazhu/gotcc/tcc.go:85.2,85.14 1 1
github.com/piaodazhu/gotcc/tcc.go:63.31,65.54 2 1
github.com/piaodazhu/gotcc/tcc.go:76.3,77.15 2 1
github.com/piaodazhu/gotcc/tcc.go:65.54,66.27 1 1
github.com/piaodazhu/gotcc/tcc.go:67.15,68.22 1 1
github.com/piaodazhu/gotcc/tcc.go:71.14,72.16 1 1
github.com/piaodazhu/gotcc/tcc.go:73.15,73.15 0 1
github.com/piaodazhu/gotcc/tcc.go:68.22,70.6 1 1
github.com/piaodazhu/gotcc/tcc.go:80.34,81.18 1 1
github.com/piaodazhu/gotcc/tcc.go:81.18,83.4 1 1
github.com/piaodazhu/gotcc/tcc.go:88.62,89.40 1 1
github.com/piaodazhu/gotcc/tcc.go:92.2,92.24 1 1
github.com/piaodazhu/gotcc/tcc.go:96.2,100.34 4 1
github.com/piaodazhu/gotcc/tcc.go:142.2,147.26 4 1
github.com/piaodazhu/gotcc/tcc.go:158.2,158.14 1 1
github.com/piaodazhu/gotcc/tcc.go:89.40,91.3 1 1
github.com/piaodazhu/gotcc/tcc.go:92.24,94.3 1 1
github.com/piaodazhu/gotcc/tcc.go:100.34,102.13 2 1
github.com/piaodazhu/gotcc/tcc.go:102.13,106.28 3 1
github.com/piaodazhu/gotcc/tcc.go:117.4,119.18 3 1
github.com/piaodazhu/gotcc/tcc.go:135.4,135.45 1 1
github.com/piaodazhu/gotcc/tcc.go:106.28,108.12 1 1
github.com/piaodazhu/gotcc/tcc.go:109.31,110.12 1 1
github.com/piaodazhu/gotcc/tcc.go:111.35,113.38 2 1
github.com/piaodazhu/gotcc/tcc.go:119.18,120.59 1 1
github.com/piaodazhu/gotcc/tcc.go:126.5,127.11 2 1
github.com/piaodazhu/gotcc/tcc.go:120.59,122.6 1 1
github.com/piaodazhu/gotcc/tcc.go:122.11,124.6 1 1
github.com/piaodazhu/gotcc/tcc.go:128.10,133.5 2 1
github.com/piaodazhu/gotcc/tcc.go:135.45,137.5 1 1
github.com/piaodazhu/gotcc/tcc.go:147.26,148.10 1 1
github.com/piaodazhu/gotcc/tcc.go:149.29,152.18 2 1
github.com/piaodazhu/gotcc/tcc.go:153.33,155.39 2 1
github.com/piaodazhu/gotcc/tcc.go:158.14,163.3 3 1
github.com/piaodazhu/gotcc/tcc.go:163.8,175.3 5 1
github.com/piaodazhu/gotcc/tcc.go:178.32,183.32 5 1
github.com/piaodazhu/gotcc/tcc.go:189.2,189.45 1 1
github.com/piaodazhu/gotcc/tcc.go:183.32,185.33 2 1
github.com/piaodazhu/gotcc/tcc.go:185.33,187.4 1 1
github.com/piaodazhu/gotcc/tcc.go:189.45,191.3 1 1
github.com/piaodazhu/gotcc/tcc.go:194.40,202.30 8 1
github.com/piaodazhu/gotcc/tcc.go:205.2,205.38 1 1
github.com/piaodazhu/gotcc/tcc.go:206.2,206.25 1 1
github.com/piaodazhu/gotcc/tcc.go:222.2,224.47 3 1
github.com/piaodazhu/gotcc/tcc.go:227.2,227.33 1 1
github.com/piaodazhu/gotcc/tcc.go:231.2,233.20 2 1
github.com/piaodazhu/gotcc/tcc.go:202.30,204.3 1 1
github.com/piaodazhu/gotcc/tcc.go:205.38,205.64 1 1
github.com/piaodazhu/gotcc/tcc.go:206.25,212.35 5 1
github.com/piaodazhu/gotcc/tcc.go:215.3,215.42 1 1
github.com/piaodazhu/gotcc/tcc.go:216.3,216.32 1 1
github.com/piaodazhu/gotcc/tcc.go:220.3,220.24 1 1
github.com/piaodazhu/gotcc/tcc.go:212.35,214.4 1 1
github.com/piaodazhu/gotcc/tcc.go:215.42,215.74 1 1
github.com/piaodazhu/gotcc/tcc.go:216.32,219.4 2 1
github.com/piaodazhu/gotcc/tcc.go:224.47,226.3 1 1
github.com/piaodazhu/gotcc/tcc.go:227.33,230.3 2 1
github.com/piaodazhu/gotcc/tcc.go:238.40,240.2 1 1
github.com/piaodazhu/gotcc/tcc.go:246.43,248.2 1 1
github.com/piaodazhu/gotcc/tcc.go:256.36,265.2 8 1
